<?xml version="1.0" encoding="UTF-8"?>
<!-- Generated by org.testng.reporters.JUnitReportReporter -->
<testsuite skipped="0" hostname="Rahiman" name="com.bridgelabz.selenieumscenarios.tests.NewTest" tests="1" failures="0" timestamp="22 Apr 2020 06:44:42 GMT" time="0.028" errors="0">
  <testcase name="f" time="0.028" classname="com.bridgelabz.selenieumscenarios.tests.NewTest"/>
</testsuite> <!-- com.bridgelabz.selenieumscenarios.tests.NewTest -->
